2025-05-19 13:58:44,694 - Logger Node has been started
2025-05-19 13:58:44,694 - ----------------------------
2025-05-19 13:58:51,618 - [INFO] - Lift Status:
2025-05-19 13:58:51,619 - start position
2025-05-19 13:58:51,621 - ----------------------------
2025-05-19 13:58:53,712 - [INFO] - RC-Servo 1 Status:
2025-05-19 13:58:53,712 - closed
2025-05-19 13:58:53,712 - ----------------------------
2025-05-19 13:58:53,813 - [INFO] - RC-Servo 2 Status:
2025-05-19 13:58:53,813 - closed
2025-05-19 13:58:53,813 - ----------------------------
2025-05-19 13:58:53,914 - [INFO] - Fan 1 Status:
2025-05-19 13:58:53,914 - OFF
2025-05-19 13:58:53,914 - ----------------------------
2025-05-19 13:58:54,014 - [INFO] - Fan 2 Status:
2025-05-19 13:58:54,014 - OFF
2025-05-19 13:58:54,014 - ----------------------------
2025-05-19 13:58:54,115 - [INFO] - Camera 1 Status: OFF
2025-05-19 13:58:54,115 - ----------------------------
2025-05-19 13:58:54,215 - [INFO] - Camera 2 Status: OFF
2025-05-19 13:58:54,215 - ----------------------------
2025-05-19 13:59:02,194 - [INFO] - RC-Servo 1 Status:
2025-05-19 13:59:02,195 - open
2025-05-19 13:59:02,195 - ----------------------------
2025-05-19 13:59:02,296 - [INFO] - Lift Status:
2025-05-19 13:59:02,296 - Lift is set to move downwards
2025-05-19 13:59:02,296 - ----------------------------
2025-05-19 13:59:02,397 - [INFO] - RC-Servo 2 Status:
2025-05-19 13:59:02,397 - open
2025-05-19 13:59:02,397 - ----------------------------
2025-05-19 13:59:02,498 - [INFO] - Camera 1 Status: ON
2025-05-19 13:59:02,498 - ----------------------------
2025-05-19 13:59:02,598 - [INFO] - Camera 2 Status: ON
2025-05-19 13:59:02,599 - ----------------------------
2025-05-19 13:59:02,700 - [INFO] - RC-Servo 1 Status:
2025-05-19 13:59:02,700 - closed
2025-05-19 13:59:02,700 - ----------------------------
2025-05-19 13:59:02,800 - [INFO] - RC-Servo 2 Status:
2025-05-19 13:59:02,800 - closed
2025-05-19 13:59:02,800 - ----------------------------
2025-05-19 13:59:02,901 - [INFO] - Fan 1 Status:
2025-05-19 13:59:02,901 - ON
2025-05-19 13:59:02,901 - ----------------------------
2025-05-19 13:59:03,002 - [INFO] - Fan 2 Status:
2025-05-19 13:59:03,002 - ON
2025-05-19 13:59:03,002 - ----------------------------
2025-05-19 13:59:42,204 - [INFO] - Lift Status:
2025-05-19 13:59:42,204 - Lift stopped
2025-05-19 13:59:42,204 - ----------------------------
2025-05-19 13:59:42,305 - [INFO] - Lift Status:
2025-05-19 13:59:42,306 - Lift is set to move upwards
2025-05-19 13:59:42,306 - ----------------------------
2025-05-19 13:59:42,406 - [INFO] - Fan 1 Status:
2025-05-19 13:59:42,407 - OFF
2025-05-19 13:59:42,407 - ----------------------------
2025-05-19 13:59:42,508 - [INFO] - Fan 2 Status:
2025-05-19 13:59:42,508 - OFF
2025-05-19 13:59:42,509 - ----------------------------
2025-05-19 14:00:22,202 - [INFO] - Lift Status:
2025-05-19 14:00:22,203 - Lift stopped
2025-05-19 14:00:22,203 - ----------------------------
2025-05-19 14:01:57,914 - Received shutdown message: shutdown
2025-05-19 14:01:57,915 - Logger node shutting down...
2025-05-19 14:01:57,915 - No sensors connected & hence no data available to plot.
