2025-05-19 14:39:04,521 - Logger Node has been started
2025-05-19 14:39:04,521 - ----------------------------
2025-05-19 14:39:13,505 - [INFO] - RC-Servo 1 Status:
2025-05-19 14:39:13,505 - closed
2025-05-19 14:39:13,505 - ----------------------------
2025-05-19 14:39:13,606 - [INFO] - RC-Servo 2 Status:
2025-05-19 14:39:13,606 - closed
2025-05-19 14:39:13,606 - ----------------------------
2025-05-19 14:39:13,706 - [INFO] - Fan 1 Status:
2025-05-19 14:39:13,706 - OFF
2025-05-19 14:39:13,706 - ----------------------------
2025-05-19 14:39:13,807 - [INFO] - Fan 2 Status:
2025-05-19 14:39:13,807 - OFF
2025-05-19 14:39:13,807 - ----------------------------
2025-05-19 14:39:13,907 - [INFO] - Camera 1 Status: OFF
2025-05-19 14:39:13,907 - ----------------------------
2025-05-19 14:39:14,008 - [INFO] - Camera 2 Status: OFF
2025-05-19 14:39:14,008 - ----------------------------
2025-05-19 14:39:17,977 - [INFO] - RC-Servo 1 Status:
2025-05-19 14:39:17,977 - open
2025-05-19 14:39:17,977 - ----------------------------
2025-05-19 14:39:18,079 - [INFO] - Lift Status:
2025-05-19 14:39:18,079 - Lift is set to move downwards
2025-05-19 14:39:18,079 - ----------------------------
2025-05-19 14:39:18,180 - [INFO] - RC-Servo 2 Status:
2025-05-19 14:39:18,181 - open
2025-05-19 14:39:18,182 - ----------------------------
2025-05-19 14:39:18,282 - [INFO] - Fan 1 Status:
2025-05-19 14:39:18,282 - ON
2025-05-19 14:39:18,283 - ----------------------------
2025-05-19 14:39:18,383 - [INFO] - Fan 2 Status:
2025-05-19 14:39:18,383 - ON
2025-05-19 14:39:18,384 - ----------------------------
2025-05-19 14:39:18,485 - [INFO] - Camera 1 Status: ON
2025-05-19 14:39:18,485 - ----------------------------
2025-05-19 14:39:18,585 - [INFO] - Camera 2 Status: ON
2025-05-19 14:39:18,586 - ----------------------------
2025-05-19 14:39:18,888 - [INFO] - Sensor 1 Data (Inside Bucket):
2025-05-19 14:39:18,888 - Sensor 1 - Temperature: 26.95 °C
2025-05-19 14:39:18,888 - Sensor 1 - Humidity: 0.18 %
2025-05-19 14:39:18,888 - Sensor 1 - Pressure: 1002.51 hPa
2025-05-19 14:39:18,888 - ----------------------------
2025-05-19 14:39:19,190 - [INFO] - Sensor 2 Data (Ambient):
2025-05-19 14:39:19,190 - Sensor 2 - Temperature: 26.10 °C
2025-05-19 14:39:19,190 - Sensor 2 - Humidity: 0.19 %
2025-05-19 14:39:19,190 - Sensor 2 - Pressure: 1002.20 hPa
2025-05-19 14:39:19,190 - ----------------------------
2025-05-19 14:39:23,786 - [INFO] - Sensor 1 Data (Inside Bucket):
2025-05-19 14:39:23,786 - Sensor 1 - Temperature: 26.94 °C
2025-05-19 14:39:23,787 - Sensor 1 - Humidity: 0.19 %
2025-05-19 14:39:23,787 - Sensor 1 - Pressure: 1002.50 hPa
2025-05-19 14:39:23,788 - ----------------------------
2025-05-19 14:39:24,091 - [INFO] - Sensor 2 Data (Ambient):
2025-05-19 14:39:24,091 - Sensor 2 - Temperature: 26.09 °C
2025-05-19 14:39:24,092 - Sensor 2 - Humidity: 0.20 %
2025-05-19 14:39:24,093 - Sensor 2 - Pressure: 1002.22 hPa
2025-05-19 14:39:24,094 - ----------------------------
2025-05-19 14:39:28,782 - [INFO] - Sensor 1 Data (Inside Bucket):
2025-05-19 14:39:28,783 - Sensor 1 - Temperature: 26.90 °C
2025-05-19 14:39:28,784 - Sensor 1 - Humidity: 0.19 %
2025-05-19 14:39:28,784 - Sensor 1 - Pressure: 1002.52 hPa
2025-05-19 14:39:28,784 - ----------------------------
2025-05-19 14:39:29,087 - [INFO] - Sensor 2 Data (Ambient):
2025-05-19 14:39:29,088 - Sensor 2 - Temperature: 26.09 °C
2025-05-19 14:39:29,088 - Sensor 2 - Humidity: 0.20 %
2025-05-19 14:39:29,088 - Sensor 2 - Pressure: 1002.21 hPa
2025-05-19 14:39:29,088 - ----------------------------
2025-05-19 14:39:33,787 - [INFO] - Sensor 1 Data (Inside Bucket):
2025-05-19 14:39:33,787 - Sensor 1 - Temperature: 26.88 °C
2025-05-19 14:39:33,787 - Sensor 1 - Humidity: 0.19 %
2025-05-19 14:39:33,787 - Sensor 1 - Pressure: 1002.54 hPa
2025-05-19 14:39:33,787 - ----------------------------
2025-05-19 14:39:34,089 - [INFO] - Sensor 2 Data (Ambient):
2025-05-19 14:39:34,089 - Sensor 2 - Temperature: 26.10 °C
2025-05-19 14:39:34,090 - Sensor 2 - Humidity: 0.20 %
2025-05-19 14:39:34,090 - Sensor 2 - Pressure: 1002.19 hPa
2025-05-19 14:39:34,091 - ----------------------------
2025-05-19 14:39:38,782 - [INFO] - Sensor 1 Data (Inside Bucket):
2025-05-19 14:39:38,782 - Sensor 1 - Temperature: 26.86 °C
2025-05-19 14:39:38,783 - Sensor 1 - Humidity: 0.19 %
2025-05-19 14:39:38,783 - Sensor 1 - Pressure: 1002.56 hPa
2025-05-19 14:39:38,783 - ----------------------------
2025-05-19 14:39:39,086 - [INFO] - Sensor 2 Data (Ambient):
2025-05-19 14:39:39,088 - Sensor 2 - Temperature: 26.11 °C
2025-05-19 14:39:39,089 - Sensor 2 - Humidity: 0.20 %
2025-05-19 14:39:39,089 - Sensor 2 - Pressure: 1002.20 hPa
2025-05-19 14:39:39,090 - ----------------------------
2025-05-19 14:39:43,785 - [INFO] - Sensor 1 Data (Inside Bucket):
2025-05-19 14:39:43,785 - Sensor 1 - Temperature: 26.84 °C
2025-05-19 14:39:43,786 - Sensor 1 - Humidity: 0.19 %
2025-05-19 14:39:43,786 - Sensor 1 - Pressure: 1002.57 hPa
2025-05-19 14:39:43,787 - ----------------------------
2025-05-19 14:39:44,090 - [INFO] - Sensor 2 Data (Ambient):
2025-05-19 14:39:44,091 - Sensor 2 - Temperature: 26.11 °C
2025-05-19 14:39:44,092 - Sensor 2 - Humidity: 0.20 %
2025-05-19 14:39:44,092 - Sensor 2 - Pressure: 1002.19 hPa
2025-05-19 14:39:44,092 - ----------------------------
2025-05-19 14:39:48,783 - [INFO] - Sensor 1 Data (Inside Bucket):
2025-05-19 14:39:48,784 - Sensor 1 - Temperature: 26.83 °C
2025-05-19 14:39:48,784 - Sensor 1 - Humidity: 0.19 %
2025-05-19 14:39:48,784 - Sensor 1 - Pressure: 1002.58 hPa
2025-05-19 14:39:48,784 - ----------------------------
2025-05-19 14:39:49,087 - [INFO] - Sensor 2 Data (Ambient):
2025-05-19 14:39:49,087 - Sensor 2 - Temperature: 26.11 °C
2025-05-19 14:39:49,088 - Sensor 2 - Humidity: 0.19 %
2025-05-19 14:39:49,088 - Sensor 2 - Pressure: 1002.21 hPa
2025-05-19 14:39:49,088 - ----------------------------
2025-05-19 14:39:53,784 - [INFO] - Sensor 1 Data (Inside Bucket):
2025-05-19 14:39:53,785 - Sensor 1 - Temperature: 26.82 °C
2025-05-19 14:39:53,786 - Sensor 1 - Humidity: 0.19 %
2025-05-19 14:39:53,786 - Sensor 1 - Pressure: 1002.55 hPa
2025-05-19 14:39:53,788 - ----------------------------
2025-05-19 14:39:54,092 - [INFO] - Sensor 2 Data (Ambient):
2025-05-19 14:39:54,092 - Sensor 2 - Temperature: 26.13 °C
2025-05-19 14:39:54,093 - Sensor 2 - Humidity: 0.20 %
2025-05-19 14:39:54,093 - Sensor 2 - Pressure: 1002.19 hPa
2025-05-19 14:39:54,093 - ----------------------------
2025-05-19 14:39:57,988 - [INFO] - Lift Status:
2025-05-19 14:39:57,989 - Lift stopped
2025-05-19 14:39:57,990 - ----------------------------
2025-05-19 14:39:58,247 - [INFO] - RC-Servo 1 Status:
2025-05-19 14:39:58,248 - closed
2025-05-19 14:39:58,248 - ----------------------------
2025-05-19 14:39:58,351 - [INFO] - Lift Status:
2025-05-19 14:39:58,352 - Lift is set to move upwards
2025-05-19 14:39:58,352 - ----------------------------
2025-05-19 14:39:58,453 - [INFO] - RC-Servo 2 Status:
2025-05-19 14:39:58,453 - closed
2025-05-19 14:39:58,453 - ----------------------------
2025-05-19 14:39:58,554 - [INFO] - Fan 1 Status:
2025-05-19 14:39:58,555 - OFF
2025-05-19 14:39:58,555 - ----------------------------
2025-05-19 14:39:58,656 - [INFO] - Fan 2 Status:
2025-05-19 14:39:58,657 - OFF
2025-05-19 14:39:58,657 - ----------------------------
2025-05-19 14:39:58,959 - [INFO] - Sensor 1 Data (Inside Bucket):
2025-05-19 14:39:58,960 - Sensor 1 - Temperature: 26.81 °C
2025-05-19 14:39:58,961 - Sensor 1 - Humidity: 0.19 %
2025-05-19 14:39:58,961 - Sensor 1 - Pressure: 1002.57 hPa
2025-05-19 14:39:58,961 - ----------------------------
2025-05-19 14:39:59,264 - [INFO] - Sensor 2 Data (Ambient):
2025-05-19 14:39:59,264 - Sensor 2 - Temperature: 26.13 °C
2025-05-19 14:39:59,266 - Sensor 2 - Humidity: 0.19 %
2025-05-19 14:39:59,266 - Sensor 2 - Pressure: 1002.19 hPa
2025-05-19 14:39:59,267 - ----------------------------
2025-05-19 14:40:03,782 - [INFO] - Sensor 1 Data (Inside Bucket):
2025-05-19 14:40:03,783 - Sensor 1 - Temperature: 26.81 °C
2025-05-19 14:40:03,784 - Sensor 1 - Humidity: 0.19 %
2025-05-19 14:40:03,784 - Sensor 1 - Pressure: 1002.56 hPa
2025-05-19 14:40:03,785 - ----------------------------
2025-05-19 14:40:04,089 - [INFO] - Sensor 2 Data (Ambient):
2025-05-19 14:40:04,089 - Sensor 2 - Temperature: 26.13 °C
2025-05-19 14:40:04,090 - Sensor 2 - Humidity: 0.19 %
2025-05-19 14:40:04,090 - Sensor 2 - Pressure: 1002.19 hPa
2025-05-19 14:40:04,090 - ----------------------------
2025-05-19 14:40:08,781 - [INFO] - Sensor 1 Data (Inside Bucket):
2025-05-19 14:40:08,782 - Sensor 1 - Temperature: 26.79 °C
2025-05-19 14:40:08,782 - Sensor 1 - Humidity: 0.19 %
2025-05-19 14:40:08,782 - Sensor 1 - Pressure: 1002.56 hPa
2025-05-19 14:40:08,782 - ----------------------------
2025-05-19 14:40:09,084 - [INFO] - Sensor 2 Data (Ambient):
2025-05-19 14:40:09,084 - Sensor 2 - Temperature: 26.14 °C
2025-05-19 14:40:09,084 - Sensor 2 - Humidity: 0.19 %
2025-05-19 14:40:09,084 - Sensor 2 - Pressure: 1002.15 hPa
2025-05-19 14:40:09,085 - ----------------------------
2025-05-19 14:40:13,786 - [INFO] - Sensor 1 Data (Inside Bucket):
2025-05-19 14:40:13,788 - Sensor 1 - Temperature: 26.79 °C
2025-05-19 14:40:13,788 - Sensor 1 - Humidity: 0.19 %
2025-05-19 14:40:13,789 - Sensor 1 - Pressure: 1002.52 hPa
2025-05-19 14:40:13,789 - ----------------------------
2025-05-19 14:40:14,091 - [INFO] - Sensor 2 Data (Ambient):
2025-05-19 14:40:14,091 - Sensor 2 - Temperature: 26.15 °C
2025-05-19 14:40:14,091 - Sensor 2 - Humidity: 0.19 %
2025-05-19 14:40:14,092 - Sensor 2 - Pressure: 1002.18 hPa
2025-05-19 14:40:14,092 - ----------------------------
2025-05-19 14:40:18,782 - [INFO] - Sensor 1 Data (Inside Bucket):
2025-05-19 14:40:18,782 - Sensor 1 - Temperature: 26.76 °C
2025-05-19 14:40:18,782 - Sensor 1 - Humidity: 0.19 %
2025-05-19 14:40:18,782 - Sensor 1 - Pressure: 1002.54 hPa
2025-05-19 14:40:18,782 - ----------------------------
2025-05-19 14:40:19,084 - [INFO] - Sensor 2 Data (Ambient):
2025-05-19 14:40:19,084 - Sensor 2 - Temperature: 26.16 °C
2025-05-19 14:40:19,084 - Sensor 2 - Humidity: 0.19 %
2025-05-19 14:40:19,084 - Sensor 2 - Pressure: 1002.15 hPa
2025-05-19 14:40:19,085 - ----------------------------
2025-05-19 14:40:23,781 - [INFO] - Sensor 1 Data (Inside Bucket):
2025-05-19 14:40:23,781 - Sensor 1 - Temperature: 26.76 °C
2025-05-19 14:40:23,781 - Sensor 1 - Humidity: 0.19 %
2025-05-19 14:40:23,781 - Sensor 1 - Pressure: 1002.53 hPa
2025-05-19 14:40:23,781 - ----------------------------
2025-05-19 14:40:24,082 - [INFO] - Sensor 2 Data (Ambient):
2025-05-19 14:40:24,083 - Sensor 2 - Temperature: 26.17 °C
2025-05-19 14:40:24,083 - Sensor 2 - Humidity: 0.20 %
2025-05-19 14:40:24,083 - Sensor 2 - Pressure: 1002.20 hPa
2025-05-19 14:40:24,083 - ----------------------------
2025-05-19 14:40:28,782 - [INFO] - Sensor 1 Data (Inside Bucket):
2025-05-19 14:40:28,791 - Sensor 1 - Temperature: 26.76 °C
2025-05-19 14:40:28,791 - Sensor 1 - Humidity: 0.19 %
2025-05-19 14:40:28,791 - Sensor 1 - Pressure: 1002.58 hPa
2025-05-19 14:40:28,791 - ----------------------------
2025-05-19 14:40:29,093 - [INFO] - Sensor 2 Data (Ambient):
2025-05-19 14:40:29,093 - Sensor 2 - Temperature: 26.16 °C
2025-05-19 14:40:29,093 - Sensor 2 - Humidity: 0.19 %
2025-05-19 14:40:29,094 - Sensor 2 - Pressure: 1002.18 hPa
2025-05-19 14:40:29,094 - ----------------------------
2025-05-19 14:40:33,786 - [INFO] - Sensor 1 Data (Inside Bucket):
2025-05-19 14:40:33,786 - Sensor 1 - Temperature: 26.76 °C
2025-05-19 14:40:33,786 - Sensor 1 - Humidity: 0.19 %
2025-05-19 14:40:33,786 - Sensor 1 - Pressure: 1002.50 hPa
2025-05-19 14:40:33,786 - ----------------------------
2025-05-19 14:40:34,088 - [INFO] - Sensor 2 Data (Ambient):
2025-05-19 14:40:34,088 - Sensor 2 - Temperature: 26.18 °C
2025-05-19 14:40:34,088 - Sensor 2 - Humidity: 0.20 %
2025-05-19 14:40:34,088 - Sensor 2 - Pressure: 1002.14 hPa
2025-05-19 14:40:34,089 - ----------------------------
2025-05-19 14:40:37,988 - [INFO] - Lift Status:
2025-05-19 14:40:37,988 - Lift stopped
2025-05-19 14:40:37,988 - ----------------------------
2025-05-19 14:40:38,784 - [INFO] - Sensor 1 Data (Inside Bucket):
2025-05-19 14:40:38,785 - Sensor 1 - Temperature: 26.75 °C
2025-05-19 14:40:38,786 - Sensor 1 - Humidity: 0.19 %
2025-05-19 14:40:38,786 - Sensor 1 - Pressure: 1002.49 hPa
2025-05-19 14:40:38,786 - ----------------------------
2025-05-19 14:40:39,089 - [INFO] - Sensor 2 Data (Ambient):
2025-05-19 14:40:39,089 - Sensor 2 - Temperature: 26.18 °C
2025-05-19 14:40:39,089 - Sensor 2 - Humidity: 0.19 %
2025-05-19 14:40:39,090 - Sensor 2 - Pressure: 1002.18 hPa
2025-05-19 14:40:39,090 - ----------------------------
2025-05-19 14:40:43,784 - [INFO] - Sensor 1 Data (Inside Bucket):
2025-05-19 14:40:43,784 - Sensor 1 - Temperature: 26.74 °C
2025-05-19 14:40:43,784 - Sensor 1 - Humidity: 0.19 %
2025-05-19 14:40:43,784 - Sensor 1 - Pressure: 1002.56 hPa
2025-05-19 14:40:43,785 - ----------------------------
2025-05-19 14:40:44,088 - [INFO] - Sensor 2 Data (Ambient):
2025-05-19 14:40:44,088 - Sensor 2 - Temperature: 26.18 °C
2025-05-19 14:40:44,088 - Sensor 2 - Humidity: 0.19 %
2025-05-19 14:40:44,088 - Sensor 2 - Pressure: 1002.18 hPa
2025-05-19 14:40:44,088 - ----------------------------
2025-05-19 14:40:48,783 - [INFO] - Sensor 1 Data (Inside Bucket):
2025-05-19 14:40:48,783 - Sensor 1 - Temperature: 26.74 °C
2025-05-19 14:40:48,783 - Sensor 1 - Humidity: 0.19 %
2025-05-19 14:40:48,783 - Sensor 1 - Pressure: 1002.55 hPa
2025-05-19 14:40:48,783 - ----------------------------
2025-05-19 14:40:49,086 - [INFO] - Sensor 2 Data (Ambient):
2025-05-19 14:40:49,086 - Sensor 2 - Temperature: 26.18 °C
2025-05-19 14:40:49,086 - Sensor 2 - Humidity: 0.19 %
2025-05-19 14:40:49,086 - Sensor 2 - Pressure: 1002.20 hPa
2025-05-19 14:40:49,086 - ----------------------------
2025-05-19 14:40:53,782 - [INFO] - Sensor 1 Data (Inside Bucket):
2025-05-19 14:40:53,782 - Sensor 1 - Temperature: 26.73 °C
2025-05-19 14:40:53,782 - Sensor 1 - Humidity: 0.19 %
2025-05-19 14:40:53,782 - Sensor 1 - Pressure: 1002.58 hPa
2025-05-19 14:40:53,782 - ----------------------------
2025-05-19 14:40:54,084 - [INFO] - Sensor 2 Data (Ambient):
2025-05-19 14:40:54,085 - Sensor 2 - Temperature: 26.18 °C
2025-05-19 14:40:54,085 - Sensor 2 - Humidity: 0.20 %
2025-05-19 14:40:54,085 - Sensor 2 - Pressure: 1002.23 hPa
2025-05-19 14:40:54,085 - ----------------------------
2025-05-19 14:40:58,783 - [INFO] - Sensor 1 Data (Inside Bucket):
2025-05-19 14:40:58,783 - Sensor 1 - Temperature: 26.73 °C
2025-05-19 14:40:58,783 - Sensor 1 - Humidity: 0.19 %
2025-05-19 14:40:58,783 - Sensor 1 - Pressure: 1002.59 hPa
2025-05-19 14:40:58,783 - ----------------------------
2025-05-19 14:40:59,086 - [INFO] - Sensor 2 Data (Ambient):
2025-05-19 14:40:59,086 - Sensor 2 - Temperature: 26.19 °C
2025-05-19 14:40:59,086 - Sensor 2 - Humidity: 0.19 %
2025-05-19 14:40:59,086 - Sensor 2 - Pressure: 1002.19 hPa
2025-05-19 14:40:59,086 - ----------------------------
2025-05-19 14:41:03,780 - [INFO] - Sensor 1 Data (Inside Bucket):
2025-05-19 14:41:03,780 - Sensor 1 - Temperature: 26.73 °C
2025-05-19 14:41:03,780 - Sensor 1 - Humidity: 0.19 %
2025-05-19 14:41:03,780 - Sensor 1 - Pressure: 1002.54 hPa
2025-05-19 14:41:03,781 - ----------------------------
2025-05-19 14:41:04,082 - [INFO] - Sensor 2 Data (Ambient):
2025-05-19 14:41:04,082 - Sensor 2 - Temperature: 26.19 °C
2025-05-19 14:41:04,082 - Sensor 2 - Humidity: 0.20 %
2025-05-19 14:41:04,082 - Sensor 2 - Pressure: 1002.17 hPa
2025-05-19 14:41:04,083 - ----------------------------
2025-05-19 14:41:08,784 - [INFO] - Sensor 1 Data (Inside Bucket):
2025-05-19 14:41:08,784 - Sensor 1 - Temperature: 26.73 °C
2025-05-19 14:41:08,784 - Sensor 1 - Humidity: 0.19 %
2025-05-19 14:41:08,784 - Sensor 1 - Pressure: 1002.50 hPa
2025-05-19 14:41:08,784 - ----------------------------
2025-05-19 14:41:09,085 - [INFO] - Sensor 2 Data (Ambient):
2025-05-19 14:41:09,086 - Sensor 2 - Temperature: 26.19 °C
2025-05-19 14:41:09,086 - Sensor 2 - Humidity: 0.20 %
2025-05-19 14:41:09,086 - Sensor 2 - Pressure: 1002.18 hPa
2025-05-19 14:41:09,086 - ----------------------------
2025-05-19 14:41:13,782 - [INFO] - Sensor 1 Data (Inside Bucket):
2025-05-19 14:41:13,782 - Sensor 1 - Temperature: 26.72 °C
2025-05-19 14:41:13,782 - Sensor 1 - Humidity: 0.19 %
2025-05-19 14:41:13,782 - Sensor 1 - Pressure: 1002.53 hPa
2025-05-19 14:41:13,805 - ----------------------------
2025-05-19 14:41:14,108 - [INFO] - Sensor 2 Data (Ambient):
2025-05-19 14:41:14,108 - Sensor 2 - Temperature: 26.19 °C
2025-05-19 14:41:14,108 - Sensor 2 - Humidity: 0.20 %
2025-05-19 14:41:14,108 - Sensor 2 - Pressure: 1002.17 hPa
2025-05-19 14:41:14,108 - ----------------------------
2025-05-19 14:41:18,782 - [INFO] - Sensor 1 Data (Inside Bucket):
2025-05-19 14:41:18,782 - Sensor 1 - Temperature: 26.70 °C
2025-05-19 14:41:18,782 - Sensor 1 - Humidity: 0.19 %
2025-05-19 14:41:18,782 - Sensor 1 - Pressure: 1002.54 hPa
2025-05-19 14:41:18,782 - ----------------------------
2025-05-19 14:41:19,084 - [INFO] - Sensor 2 Data (Ambient):
2025-05-19 14:41:19,084 - Sensor 2 - Temperature: 26.20 °C
2025-05-19 14:41:19,084 - Sensor 2 - Humidity: 0.20 %
2025-05-19 14:41:19,084 - Sensor 2 - Pressure: 1002.19 hPa
2025-05-19 14:41:19,084 - ----------------------------
2025-05-19 14:41:23,780 - [INFO] - Sensor 1 Data (Inside Bucket):
2025-05-19 14:41:23,781 - Sensor 1 - Temperature: 26.71 °C
2025-05-19 14:41:23,781 - Sensor 1 - Humidity: 0.19 %
2025-05-19 14:41:23,781 - Sensor 1 - Pressure: 1002.54 hPa
2025-05-19 14:41:23,781 - ----------------------------
2025-05-19 14:41:24,083 - [INFO] - Sensor 2 Data (Ambient):
2025-05-19 14:41:24,083 - Sensor 2 - Temperature: 26.19 °C
2025-05-19 14:41:24,083 - Sensor 2 - Humidity: 0.20 %
2025-05-19 14:41:24,084 - Sensor 2 - Pressure: 1002.17 hPa
2025-05-19 14:41:24,084 - ----------------------------
2025-05-19 14:41:28,781 - [INFO] - Sensor 1 Data (Inside Bucket):
2025-05-19 14:41:28,781 - Sensor 1 - Temperature: 26.70 °C
2025-05-19 14:41:28,781 - Sensor 1 - Humidity: 0.19 %
2025-05-19 14:41:28,781 - Sensor 1 - Pressure: 1002.53 hPa
2025-05-19 14:41:28,782 - ----------------------------
2025-05-19 14:41:29,083 - [INFO] - Sensor 2 Data (Ambient):
2025-05-19 14:41:29,084 - Sensor 2 - Temperature: 26.19 °C
2025-05-19 14:41:29,084 - Sensor 2 - Humidity: 0.20 %
2025-05-19 14:41:29,084 - Sensor 2 - Pressure: 1002.20 hPa
2025-05-19 14:41:29,084 - ----------------------------
2025-05-19 14:41:33,786 - [INFO] - Sensor 1 Data (Inside Bucket):
2025-05-19 14:41:33,786 - Sensor 1 - Temperature: 26.71 °C
2025-05-19 14:41:33,787 - Sensor 1 - Humidity: 0.19 %
2025-05-19 14:41:33,787 - Sensor 1 - Pressure: 1002.51 hPa
2025-05-19 14:41:33,787 - ----------------------------
2025-05-19 14:41:34,089 - [INFO] - Sensor 2 Data (Ambient):
2025-05-19 14:41:34,089 - Sensor 2 - Temperature: 26.19 °C
2025-05-19 14:41:34,090 - Sensor 2 - Humidity: 0.19 %
2025-05-19 14:41:34,090 - Sensor 2 - Pressure: 1002.22 hPa
2025-05-19 14:41:34,090 - ----------------------------
2025-05-19 14:41:35,328 - Received shutdown message: shutdown
2025-05-19 14:41:35,328 - Logger node shutting down...
2025-05-19 14:41:35,779 - Plots saved: temperature_comparison_2025-05-19_14-41-35.png, humidity_comparison_2025-05-19_14-41-35.png, pressure_comparison_2025-05-19_14-41-35.png
